<?xml version="1.0" encoding="UTF-8"?>
<!-- Generated by org.testng.reporters.JUnitReportReporter -->
<testsuite hostname="swarup-PC" name="test.dbs.scripts.MyTestCase" tests="2" failures="0" timestamp="5 Aug 2016 07:12:17 GMT" time="24.403" errors="0">
  <testcase name="MyTestCase1" time="12.802" classname="test.dbs.scripts.MyTestCase"/>
  <testcase name="MyTestCase1" time="11.601" classname="test.dbs.scripts.MyTestCase"/>
</testsuite> <!-- test.dbs.scripts.MyTestCase -->
