<?xml version="1.0" encoding="UTF-8"?>
<!-- Generated by org.testng.reporters.JUnitReportReporter -->
<testsuite hostname="HYDHTC7136L" name="TestRunner" tests="1" failures="0" timestamp="13 Oct 2018 17:19:43 GMT" time="62.947" errors="0">
  <testcase name="feature" time="62.947" classname="TestRunner"/>
</testsuite> <!-- TestRunner -->
